have_func: checking for asprintf()... -------------------- yes

"gcc -o conftest -I. -I/Users/micah/.rvm/rubies/ruby-1.8.7-p299/lib/ruby/1.8/i686-darwin10.3.1 -I.  -D_XOPEN_SOURCE -D_DARWIN_C_SOURCE   -g -O2  -fno-common -pipe -fno-common   conftest.c  -L. -L/Users/micah/.rvm/rubies/ruby-1.8.7-p299/lib -L.      -lruby-static  -ldl -lobjc  "
conftest.c: In function ‘t’:
conftest.c:3: error: ‘asprintf’ undeclared (first use in this function)
conftest.c:3: error: (Each undeclared identifier is reported only once
conftest.c:3: error: for each function it appears in.)
checked program was:
/* begin */
1: /*top*/
2: int main() { return 0; }
3: int t() { void ((*volatile p)()); p = (void ((*)()))asprintf; return 0; }
/* end */

"gcc -o conftest -I. -I/Users/micah/.rvm/rubies/ruby-1.8.7-p299/lib/ruby/1.8/i686-darwin10.3.1 -I.  -D_XOPEN_SOURCE -D_DARWIN_C_SOURCE   -g -O2  -fno-common -pipe -fno-common   conftest.c  -L. -L/Users/micah/.rvm/rubies/ruby-1.8.7-p299/lib -L.      -lruby-static  -ldl -lobjc  "
checked program was:
/* begin */
1: /*top*/
2: int main() { return 0; }
3: int t() { asprintf(); return 0; }
/* end */

--------------------

have_header: checking for ruby/st.h... -------------------- yes

"gcc -E -I. -I/Users/micah/.rvm/rubies/ruby-1.8.7-p299/lib/ruby/1.8/i686-darwin10.3.1 -I.  -D_XOPEN_SOURCE -D_DARWIN_C_SOURCE   -g -O2  -fno-common -pipe -fno-common    conftest.c -o conftest.i"
checked program was:
/* begin */
1: #include <ruby/st.h>
/* end */

--------------------

have_header: checking for ruby/regex.h... -------------------- yes

"gcc -E -I. -I/Users/micah/.rvm/rubies/ruby-1.8.7-p299/lib/ruby/1.8/i686-darwin10.3.1 -I.  -D_XOPEN_SOURCE -D_DARWIN_C_SOURCE   -g -O2  -fno-common -pipe -fno-common    conftest.c -o conftest.i"
checked program was:
/* begin */
1: #include <ruby/regex.h>
/* end */

--------------------

have_header: checking for ruby/encoding.h... -------------------- no

"gcc -E -I. -I/Users/micah/.rvm/rubies/ruby-1.8.7-p299/lib/ruby/1.8/i686-darwin10.3.1 -I.  -D_XOPEN_SOURCE -D_DARWIN_C_SOURCE   -g -O2  -fno-common -pipe -fno-common    conftest.c -o conftest.i"
conftest.c:1:27: error: ruby/encoding.h: No such file or directory
checked program was:
/* begin */
1: #include <ruby/encoding.h>
/* end */

--------------------

